<?xml version="1.0" encoding="UTF-8" ?>
<testsuite tests="3" failures="0" name="br.com.fcsilva.runners.RunnerTest" time="15.899" errors="0" skipped="0">
  <properties>
[...]
</properties>
  <testcase classname="Cadastro de contas" name="Deve validar regra cadastro contas #1" time="7.634"/>
  <testcase classname="Cadastro de contas" name="Deve validar regra cadastro contas #2" time="4.228"/>
  <testcase classname="Cadastro de contas" name="Deve validar regra cadastro contas #3" time="4.037"/>
</testsuite>